<?xml version="1.0" encoding="UTF-8"?>
<TestRun id="69557aff-1754-4ab2-905c-5c0270c4cad7" name="balut@DESKTOP-BSV3G59 2017-02-07 04:55:46" runUser="DESKTOP-BSV3G59\balut" xmlns="http://microsoft.com/schemas/VisualStudio/TeamTest/2010">
  <Times creation="2017-02-07T04:55:46.2514518-05:00" queuing="2017-02-07T04:55:46.2514518-05:00" start="2017-02-07T04:55:45.4190992-05:00" finish="2017-02-07T04:55:46.3075810-05:00" />
  <TestSettings name="default" id="8fe01861-5471-4e70-a2d0-c1c6d7fb2b22">
    <Execution>
      <TestTypeSpecific />
    </Execution>
    <Deployment runDeploymentRoot="balut_DESKTOP-BSV3G59 2017-02-07 04_55_46" />
    <Properties />
  </TestSettings>
  <Results>
    <UnitTestResult executionId="5a94a24c-1a56-4456-8b88-41b5c3107519" testId="f1eec8fd-3ff6-c44d-81fd-03a809420609" testName="RequiredTechnologyTypeNameOnCreation" computerName="DESKTOP-BSV3G59" duration="00:00:00.4846026" startTime="2017-02-07T04:55:45.4190992-05:00" endTime="2017-02-07T04:55:46.0866852-05:00" testType="13cdc9d9-ddb5-4fa4-a97d-d965ccfc6d4b" outcome="Passed" testListId="8c84fa94-04c1-424b-9868-57a2d4851a1d" relativeResultsDirectory="5a94a24c-1a56-4456-8b88-41b5c3107519" />
    <UnitTestResult executionId="a7d578d8-85d5-48e6-915d-20c97be84a46" testId="af29643e-98dd-9049-14ba-bfdf4c328d69" testName="SuccessfulCreationofNewTechnologyConcept" computerName="DESKTOP-BSV3G59" duration="00:00:00.0018721" startTime="2017-02-07T04:55:46.0957092-05:00" endTime="2017-02-07T04:55:46.0977145-05:00" testType="13cdc9d9-ddb5-4fa4-a97d-d965ccfc6d4b" outcome="Passed" testListId="8c84fa94-04c1-424b-9868-57a2d4851a1d" relativeResultsDirectory="a7d578d8-85d5-48e6-915d-20c97be84a46" />
    <UnitTestResult executionId="8f194f76-143f-475c-ae87-ce51ba81c935" testId="48fc2ac1-b92b-6646-6bde-0db851148b66" testName="RequiredTechnologyTypeNameOnCreation" computerName="DESKTOP-BSV3G59" duration="00:00:00.0212381" startTime="2017-02-07T04:55:46.0977145-05:00" endTime="2017-02-07T04:55:46.1195251-05:00" testType="13cdc9d9-ddb5-4fa4-a97d-d965ccfc6d4b" outcome="Passed" testListId="8c84fa94-04c1-424b-9868-57a2d4851a1d" relativeResultsDirectory="8f194f76-143f-475c-ae87-ce51ba81c935" />
    <UnitTestResult executionId="997df3af-77f5-4c09-a1b0-4c1fa3d93ae6" testId="a534ee99-f170-d81a-9ff1-dc98314c20af" testName="SuccessfulCreationofNewTechnologyLanguage" computerName="DESKTOP-BSV3G59" duration="00:00:00.0019369" startTime="2017-02-07T04:55:46.1195251-05:00" endTime="2017-02-07T04:55:46.1225699-05:00" testType="13cdc9d9-ddb5-4fa4-a97d-d965ccfc6d4b" outcome="Passed" testListId="8c84fa94-04c1-424b-9868-57a2d4851a1d" relativeResultsDirectory="997df3af-77f5-4c09-a1b0-4c1fa3d93ae6" />
    <UnitTestResult executionId="6e7bd80f-d3ea-4251-96c1-d6a512165a52" testId="e05a16cc-639e-fe08-015b-39f93876a92e" testName="RequiredTechnologyTypeNameOnCreation" computerName="DESKTOP-BSV3G59" duration="00:00:00.0222530" startTime="2017-02-07T04:55:46.1225699-05:00" endTime="2017-02-07T04:55:46.1446645-05:00" testType="13cdc9d9-ddb5-4fa4-a97d-d965ccfc6d4b" outcome="Passed" testListId="8c84fa94-04c1-424b-9868-57a2d4851a1d" relativeResultsDirectory="6e7bd80f-d3ea-4251-96c1-d6a512165a52" />
    <UnitTestResult executionId="577e6cfe-33f1-4ed8-8a46-74164bb3a19c" testId="f3fa3728-c30f-67b4-5db1-9cbb1e5b1f11" testName="SuccessfulCreationofNewTechnologyType" computerName="DESKTOP-BSV3G59" duration="00:00:00.0015766" startTime="2017-02-07T04:55:46.1446645-05:00" endTime="2017-02-07T04:55:46.1466722-05:00" testType="13cdc9d9-ddb5-4fa4-a97d-d965ccfc6d4b" outcome="Passed" testListId="8c84fa94-04c1-424b-9868-57a2d4851a1d" relativeResultsDirectory="577e6cfe-33f1-4ed8-8a46-74164bb3a19c" />
    <UnitTestResult executionId="cdd3599b-8718-4f9c-ad00-bb2cf9275e9b" testId="775044a0-326b-9752-8c40-cd08df819c29" testName="RequiredLanguageConceptNameOnCreation" computerName="DESKTOP-BSV3G59" duration="00:00:00.0194903" startTime="2017-02-07T04:55:46.1466722-05:00" endTime="2017-02-07T04:55:46.1673055-05:00" testType="13cdc9d9-ddb5-4fa4-a97d-d965ccfc6d4b" outcome="Passed" testListId="8c84fa94-04c1-424b-9868-57a2d4851a1d" relativeResultsDirectory="cdd3599b-8718-4f9c-ad00-bb2cf9275e9b" />
    <UnitTestResult executionId="0bc283ff-811a-4d02-920d-2f6c26832759" testId="8ce91761-2bce-a2d4-7728-593126f1d997" testName="SuccessfulCreationofNewLanguageConcept" computerName="DESKTOP-BSV3G59" duration="00:00:00.0004894" startTime="2017-02-07T04:55:46.1673055-05:00" endTime="2017-02-07T04:55:46.1673055-05:00" testType="13cdc9d9-ddb5-4fa4-a97d-d965ccfc6d4b" outcome="Passed" testListId="8c84fa94-04c1-424b-9868-57a2d4851a1d" relativeResultsDirectory="0bc283ff-811a-4d02-920d-2f6c26832759" />
  </Results>
  <TestDefinitions>
    <UnitTest name="RequiredTechnologyTypeNameOnCreation" storage="c:\learnings\solutions\dotnetlearnings\dotnetlearnings\dotnetlearningservice.tests\bin\debug\dotnetlearningservice.tests.dll" id="f1eec8fd-3ff6-c44d-81fd-03a809420609">
      <Execution id="5a94a24c-1a56-4456-8b88-41b5c3107519" />
      <TestMethod codeBase="C:\Learnings\Solutions\DotNetLearnings\DotNetLearnings\DotNetLearningService.Tests\bin\Debug\DotNetLearningService.Tests.dll" adapterTypeName="Microsoft.VisualStudio.TestTools.TestTypes.Unit.UnitTestAdapter" className="DotNetLearningService.Tests.TechnologyConceptTests" name="RequiredTechnologyTypeNameOnCreation" />
    </UnitTest>
    <UnitTest name="SuccessfulCreationofNewTechnologyConcept" storage="c:\learnings\solutions\dotnetlearnings\dotnetlearnings\dotnetlearningservice.tests\bin\debug\dotnetlearningservice.tests.dll" id="af29643e-98dd-9049-14ba-bfdf4c328d69">
      <Execution id="a7d578d8-85d5-48e6-915d-20c97be84a46" />
      <TestMethod codeBase="C:\Learnings\Solutions\DotNetLearnings\DotNetLearnings\DotNetLearningService.Tests\bin\Debug\DotNetLearningService.Tests.dll" adapterTypeName="Microsoft.VisualStudio.TestTools.TestTypes.Unit.UnitTestAdapter" className="DotNetLearningService.Tests.TechnologyConceptTests" name="SuccessfulCreationofNewTechnologyConcept" />
    </UnitTest>
    <UnitTest name="RequiredTechnologyTypeNameOnCreation" storage="c:\learnings\solutions\dotnetlearnings\dotnetlearnings\dotnetlearningservice.tests\bin\debug\dotnetlearningservice.tests.dll" id="48fc2ac1-b92b-6646-6bde-0db851148b66">
      <Execution id="8f194f76-143f-475c-ae87-ce51ba81c935" />
      <TestMethod codeBase="C:\Learnings\Solutions\DotNetLearnings\DotNetLearnings\DotNetLearningService.Tests\bin\Debug\DotNetLearningService.Tests.dll" adapterTypeName="Microsoft.VisualStudio.TestTools.TestTypes.Unit.UnitTestAdapter" className="DotNetLearningService.Tests.TechnologyLanguageTests" name="RequiredTechnologyTypeNameOnCreation" />
    </UnitTest>
    <UnitTest name="SuccessfulCreationofNewTechnologyLanguage" storage="c:\learnings\solutions\dotnetlearnings\dotnetlearnings\dotnetlearningservice.tests\bin\debug\dotnetlearningservice.tests.dll" id="a534ee99-f170-d81a-9ff1-dc98314c20af">
      <Execution id="997df3af-77f5-4c09-a1b0-4c1fa3d93ae6" />
      <TestMethod codeBase="C:\Learnings\Solutions\DotNetLearnings\DotNetLearnings\DotNetLearningService.Tests\bin\Debug\DotNetLearningService.Tests.dll" adapterTypeName="Microsoft.VisualStudio.TestTools.TestTypes.Unit.UnitTestAdapter" className="DotNetLearningService.Tests.TechnologyLanguageTests" name="SuccessfulCreationofNewTechnologyLanguage" />
    </UnitTest>
    <UnitTest name="RequiredTechnologyTypeNameOnCreation" storage="c:\learnings\solutions\dotnetlearnings\dotnetlearnings\dotnetlearningservice.tests\bin\debug\dotnetlearningservice.tests.dll" id="e05a16cc-639e-fe08-015b-39f93876a92e">
      <Execution id="6e7bd80f-d3ea-4251-96c1-d6a512165a52" />
      <TestMethod codeBase="C:\Learnings\Solutions\DotNetLearnings\DotNetLearnings\DotNetLearningService.Tests\bin\Debug\DotNetLearningService.Tests.dll" adapterTypeName="Microsoft.VisualStudio.TestTools.TestTypes.Unit.UnitTestAdapter" className="DotNetLearningService.Tests.TechnologyTypeTests" name="RequiredTechnologyTypeNameOnCreation" />
    </UnitTest>
    <UnitTest name="SuccessfulCreationofNewTechnologyType" storage="c:\learnings\solutions\dotnetlearnings\dotnetlearnings\dotnetlearningservice.tests\bin\debug\dotnetlearningservice.tests.dll" id="f3fa3728-c30f-67b4-5db1-9cbb1e5b1f11">
      <Execution id="577e6cfe-33f1-4ed8-8a46-74164bb3a19c" />
      <TestMethod codeBase="C:\Learnings\Solutions\DotNetLearnings\DotNetLearnings\DotNetLearningService.Tests\bin\Debug\DotNetLearningService.Tests.dll" adapterTypeName="Microsoft.VisualStudio.TestTools.TestTypes.Unit.UnitTestAdapter" className="DotNetLearningService.Tests.TechnologyTypeTests" name="SuccessfulCreationofNewTechnologyType" />
    </UnitTest>
    <UnitTest name="RequiredLanguageConceptNameOnCreation" storage="c:\learnings\solutions\dotnetlearnings\dotnetlearnings\dotnetlearningservice.tests\bin\debug\dotnetlearningservice.tests.dll" id="775044a0-326b-9752-8c40-cd08df819c29">
      <Execution id="cdd3599b-8718-4f9c-ad00-bb2cf9275e9b" />
      <TestMethod codeBase="C:\Learnings\Solutions\DotNetLearnings\DotNetLearnings\DotNetLearningService.Tests\bin\Debug\DotNetLearningService.Tests.dll" adapterTypeName="Microsoft.VisualStudio.TestTools.TestTypes.Unit.UnitTestAdapter" className="DotNetLearningService.Tests.LanguageConceptTests" name="RequiredLanguageConceptNameOnCreation" />
    </UnitTest>
    <UnitTest name="SuccessfulCreationofNewLanguageConcept" storage="c:\learnings\solutions\dotnetlearnings\dotnetlearnings\dotnetlearningservice.tests\bin\debug\dotnetlearningservice.tests.dll" id="8ce91761-2bce-a2d4-7728-593126f1d997">
      <Execution id="0bc283ff-811a-4d02-920d-2f6c26832759" />
      <TestMethod codeBase="C:\Learnings\Solutions\DotNetLearnings\DotNetLearnings\DotNetLearningService.Tests\bin\Debug\DotNetLearningService.Tests.dll" adapterTypeName="Microsoft.VisualStudio.TestTools.TestTypes.Unit.UnitTestAdapter" className="DotNetLearningService.Tests.LanguageConceptTests" name="SuccessfulCreationofNewLanguageConcept" />
    </UnitTest>
  </TestDefinitions>
  <TestEntries>
    <TestEntry testId="f1eec8fd-3ff6-c44d-81fd-03a809420609" executionId="5a94a24c-1a56-4456-8b88-41b5c3107519" testListId="8c84fa94-04c1-424b-9868-57a2d4851a1d" />
    <TestEntry testId="af29643e-98dd-9049-14ba-bfdf4c328d69" executionId="a7d578d8-85d5-48e6-915d-20c97be84a46" testListId="8c84fa94-04c1-424b-9868-57a2d4851a1d" />
    <TestEntry testId="48fc2ac1-b92b-6646-6bde-0db851148b66" executionId="8f194f76-143f-475c-ae87-ce51ba81c935" testListId="8c84fa94-04c1-424b-9868-57a2d4851a1d" />
    <TestEntry testId="a534ee99-f170-d81a-9ff1-dc98314c20af" executionId="997df3af-77f5-4c09-a1b0-4c1fa3d93ae6" testListId="8c84fa94-04c1-424b-9868-57a2d4851a1d" />
    <TestEntry testId="e05a16cc-639e-fe08-015b-39f93876a92e" executionId="6e7bd80f-d3ea-4251-96c1-d6a512165a52" testListId="8c84fa94-04c1-424b-9868-57a2d4851a1d" />
    <TestEntry testId="f3fa3728-c30f-67b4-5db1-9cbb1e5b1f11" executionId="577e6cfe-33f1-4ed8-8a46-74164bb3a19c" testListId="8c84fa94-04c1-424b-9868-57a2d4851a1d" />
    <TestEntry testId="775044a0-326b-9752-8c40-cd08df819c29" executionId="cdd3599b-8718-4f9c-ad00-bb2cf9275e9b" testListId="8c84fa94-04c1-424b-9868-57a2d4851a1d" />
    <TestEntry testId="8ce91761-2bce-a2d4-7728-593126f1d997" executionId="0bc283ff-811a-4d02-920d-2f6c26832759" testListId="8c84fa94-04c1-424b-9868-57a2d4851a1d" />
  </TestEntries>
  <TestLists>
    <TestList name="Results Not in a List" id="8c84fa94-04c1-424b-9868-57a2d4851a1d" />
    <TestList name="All Loaded Results" id="19431567-8539-422a-85d7-44ee4e166bda" />
  </TestLists>
  <ResultSummary outcome="Completed">
    <Counters total="8" executed="8" passed="8" failed="0" error="0" timeout="0" aborted="0" inconclusive="0" passedButRunAborted="0" notRunnable="0" notExecuted="0" disconnected="0" warning="0" completed="0" inProgress="0" pending="0" />
  </ResultSummary>
</TestRun>