<?xml version="1.0" encoding="UTF-8"?>
<TestRun id="668b03b3-7fe4-485c-ba1d-fdf5300a00b0" name="balut@DESKTOP-BSV3G59 2017-02-07 04:53:42" runUser="DESKTOP-BSV3G59\balut" xmlns="http://microsoft.com/schemas/VisualStudio/TeamTest/2010">
  <Times creation="2017-02-07T04:53:42.8129201-05:00" queuing="2017-02-07T04:53:42.8129201-05:00" start="2017-02-07T04:53:42.0862858-05:00" finish="2017-02-07T04:53:42.8940892-05:00" />
  <TestSettings name="default" id="ffaba42a-d9d9-46e4-9cdd-d91d8668c649">
    <Execution>
      <TestTypeSpecific />
    </Execution>
    <Deployment runDeploymentRoot="balut_DESKTOP-BSV3G59 2017-02-07 04_53_42" />
    <Properties />
  </TestSettings>
  <Results>
    <UnitTestResult executionId="0ce1eac1-424f-449f-ba18-5c0416a3eceb" testId="775044a0-326b-9752-8c40-cd08df819c29" testName="RequiredLanguageConceptNameOnCreation" computerName="DESKTOP-BSV3G59" duration="00:00:00.4419410" startTime="2017-02-07T04:53:42.0862858-05:00" endTime="2017-02-07T04:53:42.7397238-05:00" testType="13cdc9d9-ddb5-4fa4-a97d-d965ccfc6d4b" outcome="Passed" testListId="8c84fa94-04c1-424b-9868-57a2d4851a1d" relativeResultsDirectory="0ce1eac1-424f-449f-ba18-5c0416a3eceb" />
  </Results>
  <TestDefinitions>
    <UnitTest name="RequiredLanguageConceptNameOnCreation" storage="c:\learnings\solutions\dotnetlearnings\dotnetlearnings\dotnetlearningservice.tests\bin\debug\dotnetlearningservice.tests.dll" id="775044a0-326b-9752-8c40-cd08df819c29">
      <Execution id="0ce1eac1-424f-449f-ba18-5c0416a3eceb" />
      <TestMethod codeBase="C:\Learnings\Solutions\DotNetLearnings\DotNetLearnings\DotNetLearningService.Tests\bin\Debug\DotNetLearningService.Tests.dll" adapterTypeName="Microsoft.VisualStudio.TestTools.TestTypes.Unit.UnitTestAdapter" className="DotNetLearningService.Tests.LanguageConceptTests" name="RequiredLanguageConceptNameOnCreation" />
    </UnitTest>
  </TestDefinitions>
  <TestEntries>
    <TestEntry testId="775044a0-326b-9752-8c40-cd08df819c29" executionId="0ce1eac1-424f-449f-ba18-5c0416a3eceb" testListId="8c84fa94-04c1-424b-9868-57a2d4851a1d" />
  </TestEntries>
  <TestLists>
    <TestList name="Results Not in a List" id="8c84fa94-04c1-424b-9868-57a2d4851a1d" />
    <TestList name="All Loaded Results" id="19431567-8539-422a-85d7-44ee4e166bda" />
  </TestLists>
  <ResultSummary outcome="Completed">
    <Counters total="1" executed="1" passed="1" failed="0" error="0" timeout="0" aborted="0" inconclusive="0" passedButRunAborted="0" notRunnable="0" notExecuted="0" disconnected="0" warning="0" completed="0" inProgress="0" pending="0" />
  </ResultSummary>
</TestRun>